<?xml version="1.0" encoding="UTF-8"?>
<!-- Generated by org.testng.reporters.JUnitXMLReporter -->
<testsuite hostname="Prasad-PC" ignored="0" name="Test" tests="4" failures="1" timestamp="12 Jun 2020 14:55:23 GMT" time="72.329" errors="0">
  <testcase name="basepagenevigation" time="5.128" classname="Academy.Homepage"/>
  <testcase name="basepagenevigation" time="0.979" classname="Academy.Homepage"/>
  <testcase name="basepagenevigation" time="0.121" classname="Academy.Validationoftext">
    <failure type="java.lang.AssertionError" message="expected [Create a new account123] but found [Create a new account]">
      <![CDATA[java.lang.AssertionError: expected [Create a new account123] but found [Create a new account]
at Academy.Validationoftext.basepagenevigation(Validationoftext.java:30)
... Removed 31 stack frames]]>
    </failure>
  </testcase> <!-- basepagenevigation -->
  <testcase name="basepagenevigation" time="0.17" classname="Academy.Validationofdisplay"/>
</testsuite> <!-- Test -->
