<?xml version="1.0" encoding="UTF-8"?>
<!-- Generated by org.testng.reporters.JUnitXMLReporter -->
<testsuite hostname="Prasad-PC" ignored="0" name="Test" tests="4" failures="1" timestamp="2020-06-12T20:36:43 IST" time="93.041" errors="0">
  <testcase name="basepagenevigation" time="1.409" classname="Academy.Homepage"/>
  <testcase name="basepagenevigation" time="0.829" classname="Academy.Homepage"/>
  <testcase name="basepagenevigation" time="0.147" classname="Academy.Validationoftext">
    <failure type="java.lang.AssertionError" message="expected [Create a new account123] but found [Create a new account]">
      <![CDATA[java.lang.AssertionError: expected [Create a new account123] but found [Create a new account]
at Academy.Validationoftext.basepagenevigation(Validationoftext.java:30)
at java.util.ArrayList.forEach(ArrayList.java:1257)
... Removed 36 stack frames]]>
    </failure>
  </testcase> <!-- basepagenevigation -->
  <testcase name="basepagenevigation" time="0.258" classname="Academy.Validationofdisplay"/>
</testsuite> <!-- Test -->
