<?xml version="1.0" encoding="UTF-8"?>
<testng-results skipped="0" failed="1" ignored="0" total="4" passed="3">
  <reporter-output>
  </reporter-output>
  <suite name="Suite" duration-ms="93041" started-at="2020-06-12T20:35:10 IST" finished-at="2020-06-12T20:36:43 IST">
    <groups>
    </groups>
    <test name="Test" duration-ms="93041" started-at="2020-06-12T20:35:10 IST" finished-at="2020-06-12T20:36:43 IST">
      <class name="Academy.Homepage">
        <test-method status="PASS" signature="INIT()[pri:0, instance:Academy.Homepage@1805618]" name="INIT" is-config="true" duration-ms="25229" started-at="2020-06-12T20:35:10 IST" finished-at="2020-06-12T20:35:36 IST">
          <reporter-output>
          </reporter-output>
        </test-method> <!-- INIT -->
        <test-method status="PASS" signature="basepagenevigation(java.lang.String, java.lang.String)[pri:0, instance:Academy.Homepage@1805618]" name="basepagenevigation" duration-ms="1409" started-at="2020-06-12T20:36:33 IST" data-provider="getdata" finished-at="2020-06-12T20:36:34 IST">
          <params>
            <param index="0">
              <value>
                <![CDATA[sunil]]>
              </value>
            </param>
            <param index="1">
              <value>
                <![CDATA[raddi]]>
              </value>
            </param>
          </params>
          <reporter-output>
          </reporter-output>
        </test-method> <!-- basepagenevigation -->
        <test-method status="PASS" signature="basepagenevigation(java.lang.String, java.lang.String)[pri:0, instance:Academy.Homepage@1805618]" name="basepagenevigation" duration-ms="829" started-at="2020-06-12T20:36:34 IST" data-provider="getdata" finished-at="2020-06-12T20:36:35 IST">
          <params>
            <param index="0">
              <value>
                <![CDATA[shivani]]>
              </value>
            </param>
            <param index="1">
              <value>
                <![CDATA[sunil]]>
              </value>
            </param>
          </params>
          <reporter-output>
          </reporter-output>
        </test-method> <!-- basepagenevigation -->
        <test-method status="PASS" signature="clse()[pri:0, instance:Academy.Homepage@1805618]" name="clse" is-config="true" duration-ms="2523" started-at="2020-06-12T20:36:36 IST" finished-at="2020-06-12T20:36:38 IST">
          <reporter-output>
          </reporter-output>
        </test-method> <!-- clse -->
      </class> <!-- Academy.Homepage -->
      <class name="Academy.Validationofdisplay">
        <test-method status="PASS" signature="INIT()[pri:0, instance:Academy.Validationofdisplay@166e5bd]" name="INIT" is-config="true" duration-ms="16165" started-at="2020-06-12T20:35:36 IST" finished-at="2020-06-12T20:35:52 IST">
          <reporter-output>
          </reporter-output>
        </test-method> <!-- INIT -->
        <test-method status="PASS" signature="basepagenevigation()[pri:0, instance:Academy.Validationofdisplay@166e5bd]" name="basepagenevigation" duration-ms="258" started-at="2020-06-12T20:36:36 IST" finished-at="2020-06-12T20:36:36 IST">
          <reporter-output>
          </reporter-output>
        </test-method> <!-- basepagenevigation -->
        <test-method status="PASS" signature="clse()[pri:0, instance:Academy.Validationofdisplay@166e5bd]" name="clse" is-config="true" duration-ms="2514" started-at="2020-06-12T20:36:38 IST" finished-at="2020-06-12T20:36:41 IST">
          <reporter-output>
          </reporter-output>
        </test-method> <!-- clse -->
      </class> <!-- Academy.Validationofdisplay -->
      <class name="Academy.Validationoftext">
        <test-method status="PASS" signature="INIT()[pri:0, instance:Academy.Validationoftext@ef9176]" name="INIT" is-config="true" duration-ms="41320" started-at="2020-06-12T20:35:52 IST" finished-at="2020-06-12T20:36:33 IST">
          <reporter-output>
          </reporter-output>
        </test-method> <!-- INIT -->
        <test-method status="FAIL" signature="basepagenevigation()[pri:0, instance:Academy.Validationoftext@ef9176]" name="basepagenevigation" duration-ms="147" started-at="2020-06-12T20:36:35 IST" finished-at="2020-06-12T20:36:35 IST">
          <exception class="java.lang.AssertionError">
            <message>
              <![CDATA[expected [Create a new account123] but found [Create a new account]]]>
            </message>
            <full-stacktrace>
              <![CDATA[java.lang.AssertionError: expected [Create a new account123] but found [Create a new account]
at org.testng.Assert.fail(Assert.java:97)
at org.testng.Assert.assertEqualsImpl(Assert.java:136)
at org.testng.Assert.assertEquals(Assert.java:118)
at org.testng.Assert.assertEquals(Assert.java:575)
at org.testng.Assert.assertEquals(Assert.java:585)
at Academy.Validationoftext.basepagenevigation(Validationoftext.java:30)
at sun.reflect.NativeMethodAccessorImpl.invoke0(Native Method)
at sun.reflect.NativeMethodAccessorImpl.invoke(NativeMethodAccessorImpl.java:62)
at sun.reflect.DelegatingMethodAccessorImpl.invoke(DelegatingMethodAccessorImpl.java:43)
at java.lang.reflect.Method.invoke(Method.java:498)
at org.testng.internal.MethodInvocationHelper.invokeMethod(MethodInvocationHelper.java:134)
at org.testng.internal.TestInvoker.invokeMethod(TestInvoker.java:597)
at org.testng.internal.TestInvoker.invokeTestMethod(TestInvoker.java:173)
at org.testng.internal.MethodRunner.runInSequence(MethodRunner.java:46)
at org.testng.internal.TestInvoker$MethodInvocationAgent.invoke(TestInvoker.java:816)
at org.testng.internal.TestInvoker.invokeTestMethods(TestInvoker.java:146)
at org.testng.internal.TestMethodWorker.invokeTestMethods(TestMethodWorker.java:146)
at org.testng.internal.TestMethodWorker.run(TestMethodWorker.java:128)
at java.util.ArrayList.forEach(ArrayList.java:1257)
at org.testng.TestRunner.privateRun(TestRunner.java:766)
at org.testng.TestRunner.run(TestRunner.java:587)
at org.testng.SuiteRunner.runTest(SuiteRunner.java:384)
at org.testng.SuiteRunner.runSequentially(SuiteRunner.java:378)
at org.testng.SuiteRunner.privateRun(SuiteRunner.java:337)
at org.testng.SuiteRunner.run(SuiteRunner.java:286)
at org.testng.SuiteRunnerWorker.runSuite(SuiteRunnerWorker.java:53)
at org.testng.SuiteRunnerWorker.run(SuiteRunnerWorker.java:96)
at org.testng.TestNG.runSuitesSequentially(TestNG.java:1187)
at org.testng.TestNG.runSuitesLocally(TestNG.java:1109)
at org.testng.TestNG.runSuites(TestNG.java:1039)
at org.testng.TestNG.run(TestNG.java:1007)
at org.apache.maven.surefire.testng.TestNGExecutor.run(TestNGExecutor.java:283)
at org.apache.maven.surefire.testng.TestNGXmlTestSuite.execute(TestNGXmlTestSuite.java:75)
at org.apache.maven.surefire.testng.TestNGProvider.invoke(TestNGProvider.java:120)
at org.apache.maven.surefire.booter.ForkedBooter.runSuitesInProcess(ForkedBooter.java:377)
at org.apache.maven.surefire.booter.ForkedBooter.execute(ForkedBooter.java:138)
at org.apache.maven.surefire.booter.ForkedBooter.run(ForkedBooter.java:465)
at org.apache.maven.surefire.booter.ForkedBooter.main(ForkedBooter.java:451)
]]>
            </full-stacktrace>
          </exception> <!-- java.lang.AssertionError -->
          <reporter-output>
          </reporter-output>
        </test-method> <!-- basepagenevigation -->
        <test-method status="PASS" signature="clse()[pri:0, instance:Academy.Validationoftext@ef9176]" name="clse" is-config="true" duration-ms="2488" started-at="2020-06-12T20:36:41 IST" finished-at="2020-06-12T20:36:43 IST">
          <reporter-output>
          </reporter-output>
        </test-method> <!-- clse -->
      </class> <!-- Academy.Validationoftext -->
    </test> <!-- Test -->
  </suite> <!-- Suite -->
</testng-results>
