<?xml version="1.0" encoding="UTF-8"?>
<testng-results skipped="0" failed="1" ignored="0" total="4" passed="3">
  <reporter-output>
  </reporter-output>
  <suite name="Suite" duration-ms="72329" started-at="2020-06-12T14:54:10Z" finished-at="2020-06-12T14:55:22Z">
    <groups>
    </groups>
    <test name="Test" duration-ms="72329" started-at="2020-06-12T14:54:10Z" finished-at="2020-06-12T14:55:22Z">
      <class name="Academy.Homepage">
        <test-method status="PASS" signature="INIT()[pri:0, instance:Academy.Homepage@1caeb3e]" name="INIT" is-config="true" duration-ms="22800" started-at="2020-06-12T14:54:10Z" finished-at="2020-06-12T14:54:33Z">
          <reporter-output>
          </reporter-output>
        </test-method> <!-- INIT -->
        <test-method status="PASS" signature="INIT()[pri:0, instance:Academy.Validationofdisplay@d80b78]" name="INIT" is-config="true" duration-ms="15361" started-at="2020-06-12T14:54:33Z" finished-at="2020-06-12T14:54:48Z">
          <reporter-output>
          </reporter-output>
        </test-method> <!-- INIT -->
        <test-method status="PASS" signature="INIT()[pri:0, instance:Academy.Validationoftext@1e88b3c]" name="INIT" is-config="true" duration-ms="18932" started-at="2020-06-12T14:54:48Z" finished-at="2020-06-12T14:55:07Z">
          <reporter-output>
          </reporter-output>
        </test-method> <!-- INIT -->
        <test-method status="PASS" signature="basepagenevigation(java.lang.String, java.lang.String)[pri:0, instance:Academy.Homepage@1caeb3e]" name="basepagenevigation" duration-ms="5128" started-at="2020-06-12T14:55:07Z" data-provider="getdata" finished-at="2020-06-12T14:55:12Z">
          <params>
            <param index="0">
              <value>
                <![CDATA[sunil]]>
              </value>
            </param>
            <param index="1">
              <value>
                <![CDATA[raddi]]>
              </value>
            </param>
          </params>
          <reporter-output>
          </reporter-output>
        </test-method> <!-- basepagenevigation -->
        <test-method status="PASS" signature="basepagenevigation(java.lang.String, java.lang.String)[pri:0, instance:Academy.Homepage@1caeb3e]" name="basepagenevigation" duration-ms="979" started-at="2020-06-12T14:55:12Z" data-provider="getdata" finished-at="2020-06-12T14:55:13Z">
          <params>
            <param index="0">
              <value>
                <![CDATA[shivani]]>
              </value>
            </param>
            <param index="1">
              <value>
                <![CDATA[sunil]]>
              </value>
            </param>
          </params>
          <reporter-output>
          </reporter-output>
        </test-method> <!-- basepagenevigation -->
        <test-method status="PASS" signature="clse()[pri:0, instance:Academy.Homepage@1caeb3e]" name="clse" is-config="true" duration-ms="3656" started-at="2020-06-12T14:55:14Z" finished-at="2020-06-12T14:55:18Z">
          <reporter-output>
          </reporter-output>
        </test-method> <!-- clse -->
        <test-method status="PASS" signature="clse()[pri:0, instance:Academy.Validationofdisplay@d80b78]" name="clse" is-config="true" duration-ms="2365" started-at="2020-06-12T14:55:18Z" finished-at="2020-06-12T14:55:20Z">
          <reporter-output>
          </reporter-output>
        </test-method> <!-- clse -->
        <test-method status="PASS" signature="clse()[pri:0, instance:Academy.Validationoftext@1e88b3c]" name="clse" is-config="true" duration-ms="2523" started-at="2020-06-12T14:55:20Z" finished-at="2020-06-12T14:55:22Z">
          <reporter-output>
          </reporter-output>
        </test-method> <!-- clse -->
      </class> <!-- Academy.Homepage -->
      <class name="Academy.Validationofdisplay">
        <test-method status="PASS" signature="basepagenevigation()[pri:0, instance:Academy.Validationofdisplay@d80b78]" name="basepagenevigation" duration-ms="170" started-at="2020-06-12T14:55:14Z" finished-at="2020-06-12T14:55:14Z">
          <reporter-output>
          </reporter-output>
        </test-method> <!-- basepagenevigation -->
      </class> <!-- Academy.Validationofdisplay -->
      <class name="Academy.Validationoftext">
        <test-method status="FAIL" signature="basepagenevigation()[pri:0, instance:Academy.Validationoftext@1e88b3c]" name="basepagenevigation" duration-ms="121" started-at="2020-06-12T14:55:13Z" finished-at="2020-06-12T14:55:14Z">
          <exception class="java.lang.AssertionError">
            <message>
              <![CDATA[expected [Create a new account123] but found [Create a new account]]]>
            </message>
            <full-stacktrace>
              <![CDATA[java.lang.AssertionError: expected [Create a new account123] but found [Create a new account]
at org.testng.Assert.fail(Assert.java:96)
at org.testng.Assert.failNotEquals(Assert.java:776)
at org.testng.Assert.assertEqualsImpl(Assert.java:137)
at org.testng.Assert.assertEquals(Assert.java:118)
at org.testng.Assert.assertEquals(Assert.java:453)
at org.testng.Assert.assertEquals(Assert.java:463)
at Academy.Validationoftext.basepagenevigation(Validationoftext.java:30)
at sun.reflect.NativeMethodAccessorImpl.invoke0(Native Method)
at sun.reflect.NativeMethodAccessorImpl.invoke(NativeMethodAccessorImpl.java:62)
at sun.reflect.DelegatingMethodAccessorImpl.invoke(DelegatingMethodAccessorImpl.java:43)
at java.lang.reflect.Method.invoke(Method.java:498)
at org.testng.internal.MethodInvocationHelper.invokeMethod(MethodInvocationHelper.java:124)
at org.testng.internal.Invoker.invokeMethod(Invoker.java:583)
at org.testng.internal.Invoker.invokeTestMethod(Invoker.java:719)
at org.testng.internal.Invoker.invokeTestMethods(Invoker.java:989)
at org.testng.internal.TestMethodWorker.invokeTestMethods(TestMethodWorker.java:125)
at org.testng.internal.TestMethodWorker.run(TestMethodWorker.java:109)
at org.testng.TestRunner.privateRun(TestRunner.java:648)
at org.testng.TestRunner.run(TestRunner.java:505)
at org.testng.SuiteRunner.runTest(SuiteRunner.java:455)
at org.testng.SuiteRunner.runSequentially(SuiteRunner.java:450)
at org.testng.SuiteRunner.privateRun(SuiteRunner.java:415)
at org.testng.SuiteRunner.run(SuiteRunner.java:364)
at org.testng.SuiteRunnerWorker.runSuite(SuiteRunnerWorker.java:52)
at org.testng.SuiteRunnerWorker.run(SuiteRunnerWorker.java:84)
at org.testng.TestNG.runSuitesSequentially(TestNG.java:1208)
at org.testng.TestNG.runSuitesLocally(TestNG.java:1137)
at org.testng.TestNG.runSuites(TestNG.java:1049)
at org.testng.TestNG.run(TestNG.java:1017)
at org.testng.remote.AbstractRemoteTestNG.run(AbstractRemoteTestNG.java:114)
at org.testng.remote.RemoteTestNG.initAndRun(RemoteTestNG.java:251)
at org.testng.remote.RemoteTestNG.main(RemoteTestNG.java:77)
]]>
            </full-stacktrace>
          </exception> <!-- java.lang.AssertionError -->
          <reporter-output>
          </reporter-output>
        </test-method> <!-- basepagenevigation -->
      </class> <!-- Academy.Validationoftext -->
    </test> <!-- Test -->
  </suite> <!-- Suite -->
</testng-results>
